2022-12-17 21:52:26,305 INFO    StreamThr :18280 [internal.py:wandb_internal():88] W&B internal server running at pid: 18280, started at: 2022-12-17 21:52:26.302931
2022-12-17 21:52:26,309 DEBUG   HandlerThread:18280 [handler.py:handle_request():139] handle_request: status
2022-12-17 21:52:26,312 DEBUG   SenderThread:18280 [sender.py:send_request():317] send_request: status
2022-12-17 21:52:26,313 DEBUG   SenderThread:18280 [sender.py:send():303] send: header
2022-12-17 21:52:26,313 INFO    WriterThread:18280 [datastore.py:open_for_write():75] open: /Users/christoszacharopoulos/projects/ny_short_rental_prediction/src/eda/wandb/run-20221217_215226-kfp0a453/run-kfp0a453.wandb
2022-12-17 21:52:26,352 DEBUG   SenderThread:18280 [sender.py:send():303] send: run
2022-12-17 21:52:27,413 DEBUG   HandlerThread:18280 [handler.py:handle_request():139] handle_request: check_version
2022-12-17 21:52:27,419 INFO    SenderThread:18280 [dir_watcher.py:__init__():216] watching files in: /Users/christoszacharopoulos/projects/ny_short_rental_prediction/src/eda/wandb/run-20221217_215226-kfp0a453/files
2022-12-17 21:52:27,419 INFO    SenderThread:18280 [sender.py:_start_run_threads():928] run started: kfp0a453 with start time 1671306746.27935
2022-12-17 21:52:27,419 DEBUG   SenderThread:18280 [sender.py:send():303] send: summary
2022-12-17 21:52:27,420 INFO    SenderThread:18280 [sender.py:_save_file():1171] saving file wandb-summary.json with policy end
2022-12-17 21:52:27,420 DEBUG   SenderThread:18280 [sender.py:send_request():317] send_request: check_version
2022-12-17 21:52:28,016 DEBUG   HandlerThread:18280 [handler.py:handle_request():139] handle_request: run_start
2022-12-17 21:52:28,038 DEBUG   HandlerThread:18280 [system_info.py:__init__():31] System info init
2022-12-17 21:52:28,038 DEBUG   HandlerThread:18280 [system_info.py:__init__():46] System info init done
2022-12-17 21:52:28,038 INFO    HandlerThread:18280 [system_monitor.py:start():150] Starting system monitor
2022-12-17 21:52:28,039 INFO    SystemMonitor:18280 [system_monitor.py:_start():116] Starting system asset monitoring threads
2022-12-17 21:52:28,039 INFO    HandlerThread:18280 [system_monitor.py:probe():168] Collecting system info
2022-12-17 21:52:28,040 INFO    SystemMonitor:18280 [interfaces.py:start():168] Started cpu
2022-12-17 21:52:28,040 DEBUG   HandlerThread:18280 [system_info.py:probe():195] Probing system
2022-12-17 21:52:28,041 INFO    SystemMonitor:18280 [interfaces.py:start():168] Started disk
2022-12-17 21:52:28,041 INFO    SystemMonitor:18280 [interfaces.py:start():168] Started memory
2022-12-17 21:52:28,049 INFO    SystemMonitor:18280 [interfaces.py:start():168] Started network
2022-12-17 21:52:28,055 DEBUG   HandlerThread:18280 [system_info.py:_probe_git():180] Probing git
2022-12-17 21:52:28,099 DEBUG   HandlerThread:18280 [system_info.py:_probe_git():188] Probing git done
2022-12-17 21:52:28,099 DEBUG   HandlerThread:18280 [system_info.py:probe():241] Probing system done
2022-12-17 21:52:28,099 DEBUG   HandlerThread:18280 [system_monitor.py:probe():177] {'os': 'macOS-12.6-x86_64-i386-64bit', 'python': '3.10.8', 'heartbeatAt': '2022-12-17T19:52:28.040777', 'startedAt': '2022-12-17T19:52:26.258448', 'docker': None, 'cuda': None, 'args': None, 'state': 'running', 'program': 'EDA.ipynb', 'root': '/Users/christoszacharopoulos/projects/ny_short_rental_prediction', 'git': {'remote': 'https://github.com/Christonikos/ny_short_rental_prediction.git', 'commit': 'e67f685d5c04245c0e84f30f5fdb332c328d8e7f'}, 'email': 'christonik@gmail.com', 'host': 'Christoss-MacBook-Air-2.local', 'username': 'christoszacharopoulos', 'executable': '/Users/christoszacharopoulos/anaconda3/envs/mlflow-e9fae1e4f5bdafef1e7f2db7aa878bc069367395/bin/python', 'cpu_count': 8, 'cpu_count_logical': 8, 'cpu_freq': {'current': 2400, 'min': 2400, 'max': 2400}, 'cpu_freq_per_core': [{'current': 2400, 'min': 2400, 'max': 2400}], 'disk': {'total': 228.27386474609375, 'used': 133.85164260864258}, 'memory': {'total': 16.0}}
2022-12-17 21:52:28,099 INFO    HandlerThread:18280 [system_monitor.py:probe():178] Finished collecting system info
2022-12-17 21:52:28,099 INFO    HandlerThread:18280 [system_monitor.py:probe():181] Publishing system info
2022-12-17 21:52:28,099 DEBUG   HandlerThread:18280 [system_info.py:_save_pip():51] Saving list of pip packages installed into the current environment
2022-12-17 21:52:28,100 DEBUG   HandlerThread:18280 [system_info.py:_save_pip():67] Saving pip packages done
2022-12-17 21:52:28,100 DEBUG   HandlerThread:18280 [system_info.py:_save_conda():74] Saving list of conda packages installed into the current environment
2022-12-17 21:52:28,426 INFO    Thread-13 :18280 [dir_watcher.py:_on_file_created():275] file/dir created: /Users/christoszacharopoulos/projects/ny_short_rental_prediction/src/eda/wandb/run-20221217_215226-kfp0a453/files/wandb-summary.json
2022-12-17 21:52:28,426 INFO    Thread-13 :18280 [dir_watcher.py:_on_file_created():275] file/dir created: /Users/christoszacharopoulos/projects/ny_short_rental_prediction/src/eda/wandb/run-20221217_215226-kfp0a453/files/conda-environment.yaml
2022-12-17 21:52:28,426 INFO    Thread-13 :18280 [dir_watcher.py:_on_file_created():275] file/dir created: /Users/christoszacharopoulos/projects/ny_short_rental_prediction/src/eda/wandb/run-20221217_215226-kfp0a453/files/requirements.txt
2022-12-17 21:52:30,390 DEBUG   HandlerThread:18280 [system_info.py:_save_conda():86] Saving conda packages done
2022-12-17 21:52:30,390 DEBUG   HandlerThread:18280 [system_info.py:_save_code():89] Saving code
2022-12-17 21:52:30,390 WARNING HandlerThread:18280 [system_info.py:_save_code():91] unable to save code -- program entry not found
2022-12-17 21:52:30,390 DEBUG   HandlerThread:18280 [system_info.py:_save_patches():127] Saving git patches
2022-12-17 21:52:30,436 INFO    Thread-13 :18280 [dir_watcher.py:_on_file_modified():292] file/dir modified: /Users/christoszacharopoulos/projects/ny_short_rental_prediction/src/eda/wandb/run-20221217_215226-kfp0a453/files/conda-environment.yaml
2022-12-17 21:52:30,603 DEBUG   HandlerThread:18280 [system_info.py:_save_patches():169] Saving git patches done
2022-12-17 21:52:30,604 INFO    HandlerThread:18280 [system_monitor.py:probe():183] Finished publishing system info
2022-12-17 21:52:30,606 DEBUG   SenderThread:18280 [sender.py:send():303] send: files
2022-12-17 21:52:30,606 INFO    SenderThread:18280 [sender.py:_save_file():1171] saving file wandb-metadata.json with policy now
2022-12-17 21:52:30,607 INFO    SenderThread:18280 [sender.py:_save_file():1171] saving file diff.patch with policy now
2022-12-17 21:52:30,613 DEBUG   HandlerThread:18280 [handler.py:handle_request():139] handle_request: stop_status
2022-12-17 21:52:30,613 DEBUG   SenderThread:18280 [sender.py:send_request():317] send_request: stop_status
2022-12-17 21:52:31,100 DEBUG   SenderThread:18280 [sender.py:send():303] send: telemetry
2022-12-17 21:52:31,442 INFO    Thread-13 :18280 [dir_watcher.py:_on_file_created():275] file/dir created: /Users/christoszacharopoulos/projects/ny_short_rental_prediction/src/eda/wandb/run-20221217_215226-kfp0a453/files/diff.patch
2022-12-17 21:52:31,443 INFO    Thread-13 :18280 [dir_watcher.py:_on_file_created():275] file/dir created: /Users/christoszacharopoulos/projects/ny_short_rental_prediction/src/eda/wandb/run-20221217_215226-kfp0a453/files/wandb-metadata.json
2022-12-17 21:52:32,448 DEBUG   HandlerThread:18280 [handler.py:handle_request():139] handle_request: log_artifact
2022-12-17 21:52:32,449 DEBUG   SenderThread:18280 [sender.py:send_request():317] send_request: log_artifact
2022-12-17 21:52:32,453 DEBUG   HandlerThread:18280 [handler.py:handle_request():139] handle_request: pause
2022-12-17 21:52:32,454 INFO    HandlerThread:18280 [handler.py:handle_request_pause():696] stopping system metrics thread or process
2022-12-17 21:52:32,455 INFO    HandlerThread:18280 [system_monitor.py:finish():160] Stopping system monitor
2022-12-17 21:52:32,478 DEBUG   SystemMonitor:18280 [system_monitor.py:_start():130] Starting system metrics aggregation loop
2022-12-17 21:52:32,479 DEBUG   SystemMonitor:18280 [system_monitor.py:_start():137] Finished system metrics aggregation loop
2022-12-17 21:52:32,480 DEBUG   SystemMonitor:18280 [system_monitor.py:_start():141] Publishing last batch of metrics
2022-12-17 21:52:32,481 INFO    HandlerThread:18280 [interfaces.py:finish():173] Joined cpu
2022-12-17 21:52:32,481 INFO    HandlerThread:18280 [interfaces.py:finish():173] Joined disk
2022-12-17 21:52:32,481 INFO    HandlerThread:18280 [interfaces.py:finish():173] Joined memory
2022-12-17 21:52:32,481 INFO    HandlerThread:18280 [interfaces.py:finish():173] Joined network
2022-12-17 21:52:32,482 DEBUG   HandlerThread:18280 [handler.py:handle_request():139] handle_request: resume
2022-12-17 21:52:32,482 INFO    HandlerThread:18280 [handler.py:handle_request_resume():687] starting system metrics thread or process
2022-12-17 21:52:32,500 INFO    Thread-17 :18280 [upload_job.py:push():143] Uploaded file /var/folders/nm/0bj88r1s27zgjf_kjcfv1gqh0000gn/T/tmpfit2zbu2wandb/1ahzqbm4-diff.patch
2022-12-17 21:52:33,670 INFO    Thread-16 :18280 [upload_job.py:push():143] Uploaded file /var/folders/nm/0bj88r1s27zgjf_kjcfv1gqh0000gn/T/tmpfit2zbu2wandb/1q9w5rkf-wandb-metadata.json
2022-12-17 21:52:46,104 DEBUG   HandlerThread:18280 [handler.py:handle_request():139] handle_request: stop_status
2022-12-17 21:52:55,628 DEBUG   HandlerThread:18280 [handler.py:handle_request():139] handle_request: log_artifact
2022-12-17 21:52:55,633 DEBUG   HandlerThread:18280 [handler.py:handle_request():139] handle_request: pause
2022-12-17 21:52:55,633 INFO    HandlerThread:18280 [handler.py:handle_request_pause():696] stopping system metrics thread or process
2022-12-17 21:52:55,643 DEBUG   HandlerThread:18280 [handler.py:handle_request():139] handle_request: resume
2022-12-17 21:52:55,644 INFO    HandlerThread:18280 [handler.py:handle_request_resume():687] starting system metrics thread or process
2022-12-17 21:53:06,115 DEBUG   HandlerThread:18280 [handler.py:handle_request():139] handle_request: stop_status
2022-12-17 21:53:11,819 ERROR   SenderThread:18280 [retry.py:__call__():154] Retry attempt failed:
Traceback (most recent call last):
  File "/Users/christoszacharopoulos/anaconda3/envs/mlflow-e9fae1e4f5bdafef1e7f2db7aa878bc069367395/lib/python3.10/site-packages/urllib3/connectionpool.py", line 449, in _make_request
    six.raise_from(e, None)
  File "<string>", line 3, in raise_from
  File "/Users/christoszacharopoulos/anaconda3/envs/mlflow-e9fae1e4f5bdafef1e7f2db7aa878bc069367395/lib/python3.10/site-packages/urllib3/connectionpool.py", line 444, in _make_request
    httplib_response = conn.getresponse()
  File "/Users/christoszacharopoulos/anaconda3/envs/mlflow-e9fae1e4f5bdafef1e7f2db7aa878bc069367395/lib/python3.10/http/client.py", line 1374, in getresponse
    response.begin()
  File "/Users/christoszacharopoulos/anaconda3/envs/mlflow-e9fae1e4f5bdafef1e7f2db7aa878bc069367395/lib/python3.10/http/client.py", line 318, in begin
    version, status, reason = self._read_status()
  File "/Users/christoszacharopoulos/anaconda3/envs/mlflow-e9fae1e4f5bdafef1e7f2db7aa878bc069367395/lib/python3.10/http/client.py", line 279, in _read_status
    line = str(self.fp.readline(_MAXLINE + 1), "iso-8859-1")
  File "/Users/christoszacharopoulos/anaconda3/envs/mlflow-e9fae1e4f5bdafef1e7f2db7aa878bc069367395/lib/python3.10/socket.py", line 705, in readinto
    return self._sock.recv_into(b)
  File "/Users/christoszacharopoulos/anaconda3/envs/mlflow-e9fae1e4f5bdafef1e7f2db7aa878bc069367395/lib/python3.10/ssl.py", line 1274, in recv_into
    return self.read(nbytes, buffer)
  File "/Users/christoszacharopoulos/anaconda3/envs/mlflow-e9fae1e4f5bdafef1e7f2db7aa878bc069367395/lib/python3.10/ssl.py", line 1130, in read
    return self._sslobj.read(len, buffer)
TimeoutError: The read operation timed out

During handling of the above exception, another exception occurred:

Traceback (most recent call last):
  File "/Users/christoszacharopoulos/anaconda3/envs/mlflow-e9fae1e4f5bdafef1e7f2db7aa878bc069367395/lib/python3.10/site-packages/requests/adapters.py", line 489, in send
    resp = conn.urlopen(
  File "/Users/christoszacharopoulos/anaconda3/envs/mlflow-e9fae1e4f5bdafef1e7f2db7aa878bc069367395/lib/python3.10/site-packages/urllib3/connectionpool.py", line 787, in urlopen
    retries = retries.increment(
  File "/Users/christoszacharopoulos/anaconda3/envs/mlflow-e9fae1e4f5bdafef1e7f2db7aa878bc069367395/lib/python3.10/site-packages/urllib3/util/retry.py", line 550, in increment
    raise six.reraise(type(error), error, _stacktrace)
  File "/Users/christoszacharopoulos/anaconda3/envs/mlflow-e9fae1e4f5bdafef1e7f2db7aa878bc069367395/lib/python3.10/site-packages/urllib3/packages/six.py", line 770, in reraise
    raise value
  File "/Users/christoszacharopoulos/anaconda3/envs/mlflow-e9fae1e4f5bdafef1e7f2db7aa878bc069367395/lib/python3.10/site-packages/urllib3/connectionpool.py", line 703, in urlopen
    httplib_response = self._make_request(
  File "/Users/christoszacharopoulos/anaconda3/envs/mlflow-e9fae1e4f5bdafef1e7f2db7aa878bc069367395/lib/python3.10/site-packages/urllib3/connectionpool.py", line 451, in _make_request
    self._raise_timeout(err=e, url=url, timeout_value=read_timeout)
  File "/Users/christoszacharopoulos/anaconda3/envs/mlflow-e9fae1e4f5bdafef1e7f2db7aa878bc069367395/lib/python3.10/site-packages/urllib3/connectionpool.py", line 340, in _raise_timeout
    raise ReadTimeoutError(
urllib3.exceptions.ReadTimeoutError: HTTPSConnectionPool(host='api.wandb.ai', port=443): Read timed out. (read timeout=10)

During handling of the above exception, another exception occurred:

Traceback (most recent call last):
  File "/Users/christoszacharopoulos/anaconda3/envs/mlflow-e9fae1e4f5bdafef1e7f2db7aa878bc069367395/lib/python3.10/site-packages/wandb/sdk/lib/retry.py", line 113, in __call__
    result = self._call_fn(*args, **kwargs)
  File "/Users/christoszacharopoulos/anaconda3/envs/mlflow-e9fae1e4f5bdafef1e7f2db7aa878bc069367395/lib/python3.10/site-packages/wandb/sdk/internal/internal_api.py", line 210, in execute
    return self.client.execute(*args, **kwargs)  # type: ignore
  File "/Users/christoszacharopoulos/anaconda3/envs/mlflow-e9fae1e4f5bdafef1e7f2db7aa878bc069367395/lib/python3.10/site-packages/wandb/vendor/gql-0.2.0/wandb_gql/client.py", line 52, in execute
    result = self._get_result(document, *args, **kwargs)
  File "/Users/christoszacharopoulos/anaconda3/envs/mlflow-e9fae1e4f5bdafef1e7f2db7aa878bc069367395/lib/python3.10/site-packages/wandb/vendor/gql-0.2.0/wandb_gql/client.py", line 60, in _get_result
    return self.transport.execute(document, *args, **kwargs)
  File "/Users/christoszacharopoulos/anaconda3/envs/mlflow-e9fae1e4f5bdafef1e7f2db7aa878bc069367395/lib/python3.10/site-packages/wandb/vendor/gql-0.2.0/wandb_gql/transport/requests.py", line 38, in execute
    request = requests.post(self.url, **post_args)
  File "/Users/christoszacharopoulos/anaconda3/envs/mlflow-e9fae1e4f5bdafef1e7f2db7aa878bc069367395/lib/python3.10/site-packages/requests/api.py", line 115, in post
    return request("post", url, data=data, json=json, **kwargs)
  File "/Users/christoszacharopoulos/anaconda3/envs/mlflow-e9fae1e4f5bdafef1e7f2db7aa878bc069367395/lib/python3.10/site-packages/requests/api.py", line 59, in request
    return session.request(method=method, url=url, **kwargs)
  File "/Users/christoszacharopoulos/anaconda3/envs/mlflow-e9fae1e4f5bdafef1e7f2db7aa878bc069367395/lib/python3.10/site-packages/requests/sessions.py", line 587, in request
    resp = self.send(prep, **send_kwargs)
  File "/Users/christoszacharopoulos/anaconda3/envs/mlflow-e9fae1e4f5bdafef1e7f2db7aa878bc069367395/lib/python3.10/site-packages/requests/sessions.py", line 701, in send
    r = adapter.send(request, **kwargs)
  File "/Users/christoszacharopoulos/anaconda3/envs/mlflow-e9fae1e4f5bdafef1e7f2db7aa878bc069367395/lib/python3.10/site-packages/requests/adapters.py", line 578, in send
    raise ReadTimeout(e, request=request)
requests.exceptions.ReadTimeout: HTTPSConnectionPool(host='api.wandb.ai', port=443): Read timed out. (read timeout=10)
2022-12-17 21:53:12,439 DEBUG   HandlerThread:18280 [handler.py:handle_request():139] handle_request: log_artifact
2022-12-17 21:53:12,444 DEBUG   HandlerThread:18280 [handler.py:handle_request():139] handle_request: pause
2022-12-17 21:53:12,444 INFO    HandlerThread:18280 [handler.py:handle_request_pause():696] stopping system metrics thread or process
2022-12-17 21:53:12,461 DEBUG   HandlerThread:18280 [handler.py:handle_request():139] handle_request: resume
2022-12-17 21:53:12,462 INFO    HandlerThread:18280 [handler.py:handle_request_resume():687] starting system metrics thread or process
2022-12-17 21:53:13,040 DEBUG   HandlerThread:18280 [handler.py:handle_request():139] handle_request: log_artifact
2022-12-17 21:53:13,045 DEBUG   HandlerThread:18280 [handler.py:handle_request():139] handle_request: pause
2022-12-17 21:53:13,045 INFO    HandlerThread:18280 [handler.py:handle_request_pause():696] stopping system metrics thread or process
2022-12-17 21:53:13,056 DEBUG   HandlerThread:18280 [handler.py:handle_request():139] handle_request: resume
2022-12-17 21:53:13,056 INFO    HandlerThread:18280 [handler.py:handle_request_resume():687] starting system metrics thread or process
2022-12-17 21:53:14,503 DEBUG   HandlerThread:18280 [handler.py:handle_request():139] handle_request: log_artifact
2022-12-17 21:53:14,507 DEBUG   HandlerThread:18280 [handler.py:handle_request():139] handle_request: pause
2022-12-17 21:53:14,507 INFO    HandlerThread:18280 [handler.py:handle_request_pause():696] stopping system metrics thread or process
2022-12-17 21:53:14,515 DEBUG   HandlerThread:18280 [handler.py:handle_request():139] handle_request: resume
2022-12-17 21:53:14,516 INFO    HandlerThread:18280 [handler.py:handle_request_resume():687] starting system metrics thread or process
2022-12-17 21:53:17,355 DEBUG   HandlerThread:18280 [handler.py:handle_request():139] handle_request: log_artifact
2022-12-17 21:53:17,358 DEBUG   HandlerThread:18280 [handler.py:handle_request():139] handle_request: pause
2022-12-17 21:53:17,358 INFO    HandlerThread:18280 [handler.py:handle_request_pause():696] stopping system metrics thread or process
2022-12-17 21:53:17,371 DEBUG   HandlerThread:18280 [handler.py:handle_request():139] handle_request: resume
2022-12-17 21:53:17,371 INFO    HandlerThread:18280 [handler.py:handle_request_resume():687] starting system metrics thread or process
2022-12-17 21:53:18,027 DEBUG   HandlerThread:18280 [handler.py:handle_request():139] handle_request: log_artifact
2022-12-17 21:53:18,031 DEBUG   HandlerThread:18280 [handler.py:handle_request():139] handle_request: pause
2022-12-17 21:53:18,031 INFO    HandlerThread:18280 [handler.py:handle_request_pause():696] stopping system metrics thread or process
2022-12-17 21:53:18,048 DEBUG   HandlerThread:18280 [handler.py:handle_request():139] handle_request: resume
2022-12-17 21:53:18,048 INFO    HandlerThread:18280 [handler.py:handle_request_resume():687] starting system metrics thread or process
2022-12-17 21:53:18,566 DEBUG   HandlerThread:18280 [handler.py:handle_request():139] handle_request: log_artifact
2022-12-17 21:53:18,572 DEBUG   HandlerThread:18280 [handler.py:handle_request():139] handle_request: pause
2022-12-17 21:53:18,572 INFO    HandlerThread:18280 [handler.py:handle_request_pause():696] stopping system metrics thread or process
2022-12-17 21:53:18,583 DEBUG   HandlerThread:18280 [handler.py:handle_request():139] handle_request: resume
2022-12-17 21:53:18,583 INFO    HandlerThread:18280 [handler.py:handle_request_resume():687] starting system metrics thread or process
2022-12-17 21:53:19,097 DEBUG   HandlerThread:18280 [handler.py:handle_request():139] handle_request: log_artifact
2022-12-17 21:53:19,100 DEBUG   HandlerThread:18280 [handler.py:handle_request():139] handle_request: pause
2022-12-17 21:53:19,100 INFO    HandlerThread:18280 [handler.py:handle_request_pause():696] stopping system metrics thread or process
2022-12-17 21:53:19,111 DEBUG   HandlerThread:18280 [handler.py:handle_request():139] handle_request: resume
2022-12-17 21:53:19,111 INFO    HandlerThread:18280 [handler.py:handle_request_resume():687] starting system metrics thread or process
2022-12-17 21:53:26,133 DEBUG   HandlerThread:18280 [handler.py:handle_request():139] handle_request: stop_status
2022-12-17 21:53:26,856 INFO    Thread-19 :18280 [upload_job.py:push():101] Uploaded file /Users/christoszacharopoulos/.cache/wandb/artifacts/obj/md5/d2/b9fad9e4e7bbdfcfc30a7c50af977a
2022-12-17 21:53:39,569 DEBUG   HandlerThread:18280 [handler.py:handle_request():139] handle_request: log_artifact
2022-12-17 21:53:39,572 DEBUG   HandlerThread:18280 [handler.py:handle_request():139] handle_request: pause
2022-12-17 21:53:39,572 INFO    HandlerThread:18280 [handler.py:handle_request_pause():696] stopping system metrics thread or process
2022-12-17 21:53:39,578 DEBUG   HandlerThread:18280 [handler.py:handle_request():139] handle_request: resume
2022-12-17 21:53:39,578 INFO    HandlerThread:18280 [handler.py:handle_request_resume():687] starting system metrics thread or process
2022-12-17 21:53:40,428 DEBUG   HandlerThread:18280 [handler.py:handle_request():139] handle_request: log_artifact
2022-12-17 21:53:40,768 INFO    Thread-13 :18280 [dir_watcher.py:_on_file_created():275] file/dir created: /Users/christoszacharopoulos/projects/ny_short_rental_prediction/src/eda/wandb/run-20221217_215226-kfp0a453/files/code/_session_history.ipynb
2022-12-17 21:53:40,768 INFO    Thread-13 :18280 [dir_watcher.py:_on_file_created():275] file/dir created: /Users/christoszacharopoulos/projects/ny_short_rental_prediction/src/eda/wandb/run-20221217_215226-kfp0a453/files/code
2022-12-17 21:53:41,437 DEBUG   HandlerThread:18280 [handler.py:handle_request():139] handle_request: poll_exit
2022-12-17 21:53:46,459 DEBUG   HandlerThread:18280 [handler.py:handle_request():139] handle_request: keepalive
2022-12-17 21:53:51,483 DEBUG   HandlerThread:18280 [handler.py:handle_request():139] handle_request: keepalive
2022-12-17 21:53:56,508 DEBUG   HandlerThread:18280 [handler.py:handle_request():139] handle_request: keepalive
2022-12-17 21:54:01,529 DEBUG   HandlerThread:18280 [handler.py:handle_request():139] handle_request: keepalive
2022-12-17 21:54:06,543 DEBUG   HandlerThread:18280 [handler.py:handle_request():139] handle_request: keepalive
2022-12-17 21:54:11,566 DEBUG   HandlerThread:18280 [handler.py:handle_request():139] handle_request: keepalive
2022-12-17 21:54:16,583 DEBUG   HandlerThread:18280 [handler.py:handle_request():139] handle_request: keepalive
2022-12-17 21:54:17,818 INFO    SenderThread:18280 [sender.py:send_request_log_artifact():1222] logged artifact source-nyc_airbnb-None - {'id': 'QXJ0aWZhY3Q6Mjk5NDE0OTcw', 'digest': 'd4489d601a5fb9539c392eceb634f6b8', 'state': 'PENDING', 'aliases': [], 'artifactSequence': {'id': 'QXJ0aWZhY3RDb2xsZWN0aW9uOjQ3NDY4ODEz', 'latestArtifact': {'id': 'QXJ0aWZhY3Q6Mjk5NDEzMTc0', 'versionIndex': 29}}, 'version': 'latest'}
2022-12-17 21:54:18,416 DEBUG   SenderThread:18280 [sender.py:send():303] send: stats
2022-12-17 21:54:18,418 DEBUG   SenderThread:18280 [sender.py:send_request():317] send_request: stop_status
2022-12-17 21:54:18,966 INFO    Thread-13 :18280 [dir_watcher.py:_on_file_modified():292] file/dir modified: /Users/christoszacharopoulos/projects/ny_short_rental_prediction/src/eda/wandb/run-20221217_215226-kfp0a453/files/config.yaml
2022-12-17 21:54:18,984 DEBUG   SenderThread:18280 [sender.py:send_request():317] send_request: log_artifact
2022-12-17 21:54:21,601 DEBUG   HandlerThread:18280 [handler.py:handle_request():139] handle_request: keepalive
2022-12-17 21:54:26,621 DEBUG   HandlerThread:18280 [handler.py:handle_request():139] handle_request: keepalive
2022-12-17 21:54:31,635 DEBUG   HandlerThread:18280 [handler.py:handle_request():139] handle_request: keepalive
2022-12-17 21:54:31,648 INFO    SenderThread:18280 [sender.py:send_request_log_artifact():1222] logged artifact source-nyc_airbnb-None - {'id': 'QXJ0aWZhY3Q6Mjk5NDE0OTcw', 'digest': 'd4489d601a5fb9539c392eceb634f6b8', 'state': 'COMMITTED', 'aliases': [{'artifactCollectionName': 'source-nyc_airbnb-None', 'alias': 'latest'}, {'artifactCollectionName': 'source-nyc_airbnb-None', 'alias': 'v30'}], 'artifactSequence': {'id': 'QXJ0aWZhY3RDb2xsZWN0aW9uOjQ3NDY4ODEz', 'latestArtifact': {'id': 'QXJ0aWZhY3Q6Mjk5NDE0OTcw', 'versionIndex': 30}}, 'version': 'v30'}
2022-12-17 21:54:31,652 DEBUG   SenderThread:18280 [sender.py:send_request():317] send_request: stop_status
2022-12-17 21:54:32,028 INFO    Thread-13 :18280 [dir_watcher.py:_on_file_created():275] file/dir created: /Users/christoszacharopoulos/projects/ny_short_rental_prediction/src/eda/wandb/run-20221217_215226-kfp0a453/files/output.log
2022-12-17 21:54:32,251 DEBUG   SenderThread:18280 [sender.py:send_request():317] send_request: log_artifact
2022-12-17 21:54:34,037 INFO    Thread-13 :18280 [dir_watcher.py:_on_file_modified():292] file/dir modified: /Users/christoszacharopoulos/projects/ny_short_rental_prediction/src/eda/wandb/run-20221217_215226-kfp0a453/files/output.log
2022-12-17 21:54:34,784 INFO    SenderThread:18280 [sender.py:send_request_log_artifact():1222] logged artifact source-nyc_airbnb-None - {'id': 'QXJ0aWZhY3Q6Mjk5NDE0OTcw', 'digest': 'd4489d601a5fb9539c392eceb634f6b8', 'state': 'COMMITTED', 'aliases': [{'artifactCollectionName': 'source-nyc_airbnb-None', 'alias': 'latest'}, {'artifactCollectionName': 'source-nyc_airbnb-None', 'alias': 'v30'}], 'artifactSequence': {'id': 'QXJ0aWZhY3RDb2xsZWN0aW9uOjQ3NDY4ODEz', 'latestArtifact': {'id': 'QXJ0aWZhY3Q6Mjk5NDE0OTcw', 'versionIndex': 30}}, 'version': 'v30'}
2022-12-17 21:54:34,784 DEBUG   SenderThread:18280 [sender.py:send_request():317] send_request: log_artifact
2022-12-17 21:54:36,049 INFO    Thread-13 :18280 [dir_watcher.py:_on_file_modified():292] file/dir modified: /Users/christoszacharopoulos/projects/ny_short_rental_prediction/src/eda/wandb/run-20221217_215226-kfp0a453/files/output.log
2022-12-17 21:54:36,071 INFO    SenderThread:18280 [sender.py:send_request_log_artifact():1222] logged artifact source-nyc_airbnb-None - {'id': 'QXJ0aWZhY3Q6Mjk5NDE0OTcw', 'digest': 'd4489d601a5fb9539c392eceb634f6b8', 'state': 'COMMITTED', 'aliases': [{'artifactCollectionName': 'source-nyc_airbnb-None', 'alias': 'latest'}, {'artifactCollectionName': 'source-nyc_airbnb-None', 'alias': 'v30'}], 'artifactSequence': {'id': 'QXJ0aWZhY3RDb2xsZWN0aW9uOjQ3NDY4ODEz', 'latestArtifact': {'id': 'QXJ0aWZhY3Q6Mjk5NDE0OTcw', 'versionIndex': 30}}, 'version': 'v30'}
2022-12-17 21:54:36,072 DEBUG   SenderThread:18280 [sender.py:send_request():317] send_request: log_artifact
2022-12-17 21:54:36,650 DEBUG   HandlerThread:18280 [handler.py:handle_request():139] handle_request: keepalive
2022-12-17 21:54:37,303 INFO    SenderThread:18280 [sender.py:send_request_log_artifact():1222] logged artifact source-nyc_airbnb-None - {'id': 'QXJ0aWZhY3Q6Mjk5NDE0OTcw', 'digest': 'd4489d601a5fb9539c392eceb634f6b8', 'state': 'COMMITTED', 'aliases': [{'artifactCollectionName': 'source-nyc_airbnb-None', 'alias': 'latest'}, {'artifactCollectionName': 'source-nyc_airbnb-None', 'alias': 'v30'}], 'artifactSequence': {'id': 'QXJ0aWZhY3RDb2xsZWN0aW9uOjQ3NDY4ODEz', 'latestArtifact': {'id': 'QXJ0aWZhY3Q6Mjk5NDE0OTcw', 'versionIndex': 30}}, 'version': 'v30'}
2022-12-17 21:54:37,304 DEBUG   SenderThread:18280 [sender.py:send_request():317] send_request: log_artifact
2022-12-17 21:54:41,667 DEBUG   HandlerThread:18280 [handler.py:handle_request():139] handle_request: keepalive
2022-12-17 21:54:46,683 DEBUG   HandlerThread:18280 [handler.py:handle_request():139] handle_request: keepalive
2022-12-17 21:54:51,704 DEBUG   HandlerThread:18280 [handler.py:handle_request():139] handle_request: keepalive
2022-12-17 21:54:56,721 DEBUG   HandlerThread:18280 [handler.py:handle_request():139] handle_request: keepalive
2022-12-17 21:55:01,207 INFO    SenderThread:18280 [sender.py:send_request_log_artifact():1222] logged artifact source-nyc_airbnb-None - {'id': 'QXJ0aWZhY3Q6Mjk5NDE0OTcw', 'digest': 'd4489d601a5fb9539c392eceb634f6b8', 'state': 'COMMITTED', 'aliases': [{'artifactCollectionName': 'source-nyc_airbnb-None', 'alias': 'latest'}, {'artifactCollectionName': 'source-nyc_airbnb-None', 'alias': 'v30'}], 'artifactSequence': {'id': 'QXJ0aWZhY3RDb2xsZWN0aW9uOjQ3NDY4ODEz', 'latestArtifact': {'id': 'QXJ0aWZhY3Q6Mjk5NDE0OTcw', 'versionIndex': 30}}, 'version': 'v30'}
2022-12-17 21:55:01,208 DEBUG   SenderThread:18280 [sender.py:send_request():317] send_request: log_artifact
2022-12-17 21:55:01,743 DEBUG   HandlerThread:18280 [handler.py:handle_request():139] handle_request: keepalive
2022-12-17 21:55:06,761 DEBUG   HandlerThread:18280 [handler.py:handle_request():139] handle_request: keepalive
2022-12-17 21:55:11,781 DEBUG   HandlerThread:18280 [handler.py:handle_request():139] handle_request: keepalive
2022-12-17 21:55:13,974 INFO    SenderThread:18280 [sender.py:send_request_log_artifact():1222] logged artifact source-nyc_airbnb-None - {'id': 'QXJ0aWZhY3Q6Mjk5NDE0OTcw', 'digest': 'd4489d601a5fb9539c392eceb634f6b8', 'state': 'COMMITTED', 'aliases': [{'artifactCollectionName': 'source-nyc_airbnb-None', 'alias': 'latest'}, {'artifactCollectionName': 'source-nyc_airbnb-None', 'alias': 'v30'}], 'artifactSequence': {'id': 'QXJ0aWZhY3RDb2xsZWN0aW9uOjQ3NDY4ODEz', 'latestArtifact': {'id': 'QXJ0aWZhY3Q6Mjk5NDE0OTcw', 'versionIndex': 30}}, 'version': 'v30'}
2022-12-17 21:55:13,975 DEBUG   SenderThread:18280 [sender.py:send_request():317] send_request: log_artifact
2022-12-17 21:55:16,806 DEBUG   HandlerThread:18280 [handler.py:handle_request():139] handle_request: keepalive
2022-12-17 21:55:21,825 DEBUG   HandlerThread:18280 [handler.py:handle_request():139] handle_request: keepalive
2022-12-17 21:55:26,836 DEBUG   HandlerThread:18280 [handler.py:handle_request():139] handle_request: keepalive
2022-12-17 21:55:31,853 DEBUG   HandlerThread:18280 [handler.py:handle_request():139] handle_request: keepalive
2022-12-17 21:55:36,874 DEBUG   HandlerThread:18280 [handler.py:handle_request():139] handle_request: keepalive
2022-12-17 21:55:41,453 WARNING FileStreamThread:18280 [file_stream.py:request_with_retry():667] requests_with_retry encountered retryable exception: 500 Server Error: Internal Server Error for url: https://api.wandb.ai/files/christonikos/nyc_airbnb/kfp0a453/file_stream. func: <bound method Session.post of <requests.sessions.Session object at 0x113957280>>, args: ('https://api.wandb.ai/files/christonikos/nyc_airbnb/kfp0a453/file_stream',), kwargs: {'json': {'files': {'output.log': {'offset': 26, 'content': ['2022-12-17T19:54:35.682558 The dataset contains 15 features.\n', '2022-12-17T19:54:35.682558 Numeric: 9\n', '2022-12-17T19:54:35.682558 Categorical: 6.\n']}}, 'dropped': 0}}
2022-12-17 21:55:41,885 DEBUG   HandlerThread:18280 [handler.py:handle_request():139] handle_request: keepalive
2022-12-17 21:55:44,859 INFO    SenderThread:18280 [sender.py:send_request_log_artifact():1222] logged artifact source-nyc_airbnb-None - {'id': 'QXJ0aWZhY3Q6Mjk5NDE0OTcw', 'digest': 'd4489d601a5fb9539c392eceb634f6b8', 'state': 'COMMITTED', 'aliases': [{'artifactCollectionName': 'source-nyc_airbnb-None', 'alias': 'latest'}, {'artifactCollectionName': 'source-nyc_airbnb-None', 'alias': 'v30'}], 'artifactSequence': {'id': 'QXJ0aWZhY3RDb2xsZWN0aW9uOjQ3NDY4ODEz', 'latestArtifact': {'id': 'QXJ0aWZhY3Q6Mjk5NDE0OTcw', 'versionIndex': 30}}, 'version': 'v30'}
2022-12-17 21:55:44,860 DEBUG   SenderThread:18280 [sender.py:send_request():317] send_request: log_artifact
2022-12-17 21:55:46,902 DEBUG   HandlerThread:18280 [handler.py:handle_request():139] handle_request: keepalive
2022-12-17 21:55:47,692 INFO    SenderThread:18280 [sender.py:send_request_log_artifact():1222] logged artifact source-nyc_airbnb-None - {'id': 'QXJ0aWZhY3Q6Mjk5NDE0OTcw', 'digest': 'd4489d601a5fb9539c392eceb634f6b8', 'state': 'COMMITTED', 'aliases': [{'artifactCollectionName': 'source-nyc_airbnb-None', 'alias': 'latest'}, {'artifactCollectionName': 'source-nyc_airbnb-None', 'alias': 'v30'}], 'artifactSequence': {'id': 'QXJ0aWZhY3RDb2xsZWN0aW9uOjQ3NDY4ODEz', 'latestArtifact': {'id': 'QXJ0aWZhY3Q6Mjk5NDE0OTcw', 'versionIndex': 30}}, 'version': 'v30'}
2022-12-17 21:55:47,692 DEBUG   SenderThread:18280 [sender.py:send_request():317] send_request: stop_status
2022-12-17 21:55:48,252 DEBUG   SenderThread:18280 [sender.py:send_request():317] send_request: log_artifact
2022-12-17 21:55:51,921 DEBUG   HandlerThread:18280 [handler.py:handle_request():139] handle_request: keepalive
2022-12-17 21:55:56,935 DEBUG   HandlerThread:18280 [handler.py:handle_request():139] handle_request: keepalive
2022-12-17 21:56:01,954 DEBUG   HandlerThread:18280 [handler.py:handle_request():139] handle_request: keepalive
2022-12-17 21:56:06,975 DEBUG   HandlerThread:18280 [handler.py:handle_request():139] handle_request: keepalive
2022-12-17 21:56:08,994 INFO    SenderThread:18280 [sender.py:send_request_log_artifact():1222] logged artifact source-nyc_airbnb-None - {'id': 'QXJ0aWZhY3Q6Mjk5NDE0OTcw', 'digest': 'd4489d601a5fb9539c392eceb634f6b8', 'state': 'COMMITTED', 'aliases': [{'artifactCollectionName': 'source-nyc_airbnb-None', 'alias': 'latest'}, {'artifactCollectionName': 'source-nyc_airbnb-None', 'alias': 'v30'}], 'artifactSequence': {'id': 'QXJ0aWZhY3RDb2xsZWN0aW9uOjQ3NDY4ODEz', 'latestArtifact': {'id': 'QXJ0aWZhY3Q6Mjk5NDE0OTcw', 'versionIndex': 30}}, 'version': 'v30'}
2022-12-17 21:56:08,996 DEBUG   SenderThread:18280 [sender.py:send():303] send: telemetry
2022-12-17 21:56:08,997 DEBUG   SenderThread:18280 [sender.py:send():303] send: config
2022-12-17 21:56:08,997 DEBUG   SenderThread:18280 [sender.py:send_request():317] send_request: log_artifact
2022-12-17 21:56:11,995 DEBUG   HandlerThread:18280 [handler.py:handle_request():139] handle_request: keepalive
2022-12-17 21:56:17,014 DEBUG   HandlerThread:18280 [handler.py:handle_request():139] handle_request: keepalive
2022-12-17 21:56:19,023 INFO    Thread-21 :18280 [upload_job.py:push():98] Skipped uploading /Users/christoszacharopoulos/.cache/wandb/artifacts/obj/md5/d2/b9fad9e4e7bbdfcfc30a7c50af977a
2022-12-17 21:56:22,028 DEBUG   HandlerThread:18280 [handler.py:handle_request():139] handle_request: keepalive
2022-12-17 21:56:27,045 DEBUG   HandlerThread:18280 [handler.py:handle_request():139] handle_request: keepalive
2022-12-17 21:56:32,066 DEBUG   HandlerThread:18280 [handler.py:handle_request():139] handle_request: keepalive
2022-12-17 21:56:37,088 DEBUG   HandlerThread:18280 [handler.py:handle_request():139] handle_request: keepalive
2022-12-17 21:56:37,675 INFO    Thread-22 :18280 [upload_job.py:push():101] Uploaded file /Users/christoszacharopoulos/.cache/wandb/artifacts/obj/md5/c4/6fdd37d3b99e3ed72659fcbd24538f
2022-12-17 21:56:42,101 DEBUG   HandlerThread:18280 [handler.py:handle_request():139] handle_request: keepalive
2022-12-17 21:56:47,117 DEBUG   HandlerThread:18280 [handler.py:handle_request():139] handle_request: keepalive
2022-12-17 21:56:51,159 INFO    SenderThread:18280 [sender.py:send_request_log_artifact():1222] logged artifact source-nyc_airbnb-None - {'id': 'QXJ0aWZhY3Q6Mjk5NDE1MjY3', 'digest': '109d896ae5c2e164315ce7a5f11eb079', 'state': 'PENDING', 'aliases': [], 'artifactSequence': {'id': 'QXJ0aWZhY3RDb2xsZWN0aW9uOjQ3NDY4ODEz', 'latestArtifact': {'id': 'QXJ0aWZhY3Q6Mjk5NDE0OTcw', 'versionIndex': 30}}, 'version': 'latest'}
2022-12-17 21:56:51,695 DEBUG   SenderThread:18280 [sender.py:send():303] send: exit
2022-12-17 21:56:51,695 INFO    SenderThread:18280 [sender.py:send_exit():442] handling exit code: 0
2022-12-17 21:56:51,696 INFO    SenderThread:18280 [sender.py:send_exit():444] handling runtime: 72
2022-12-17 21:56:51,698 INFO    SenderThread:18280 [sender.py:_save_file():1171] saving file wandb-summary.json with policy end
2022-12-17 21:56:51,699 INFO    SenderThread:18280 [sender.py:send_exit():450] send defer
2022-12-17 21:56:51,699 DEBUG   SenderThread:18280 [sender.py:send_request():317] send_request: poll_exit
2022-12-17 21:56:51,700 DEBUG   HandlerThread:18280 [handler.py:handle_request():139] handle_request: defer
2022-12-17 21:56:51,701 INFO    HandlerThread:18280 [handler.py:handle_request_defer():162] handle defer: 0
2022-12-17 21:56:51,702 DEBUG   SenderThread:18280 [sender.py:send_request():317] send_request: defer
2022-12-17 21:56:51,702 INFO    SenderThread:18280 [sender.py:send_request_defer():459] handle sender defer: 0
2022-12-17 21:56:51,702 INFO    SenderThread:18280 [sender.py:transition_state():463] send defer: 1
2022-12-17 21:56:51,703 DEBUG   HandlerThread:18280 [handler.py:handle_request():139] handle_request: defer
2022-12-17 21:56:51,703 INFO    HandlerThread:18280 [handler.py:handle_request_defer():162] handle defer: 1
2022-12-17 21:56:51,703 DEBUG   SenderThread:18280 [sender.py:send_request():317] send_request: defer
2022-12-17 21:56:51,703 INFO    SenderThread:18280 [sender.py:send_request_defer():459] handle sender defer: 1
2022-12-17 21:56:51,703 INFO    SenderThread:18280 [sender.py:transition_state():463] send defer: 2
2022-12-17 21:56:51,703 DEBUG   HandlerThread:18280 [handler.py:handle_request():139] handle_request: defer
2022-12-17 21:56:51,703 INFO    HandlerThread:18280 [handler.py:handle_request_defer():162] handle defer: 2
2022-12-17 21:56:51,704 DEBUG   SenderThread:18280 [sender.py:send_request():317] send_request: defer
2022-12-17 21:56:51,704 INFO    SenderThread:18280 [sender.py:send_request_defer():459] handle sender defer: 2
2022-12-17 21:56:51,704 INFO    SenderThread:18280 [sender.py:transition_state():463] send defer: 3
2022-12-17 21:56:51,704 DEBUG   HandlerThread:18280 [handler.py:handle_request():139] handle_request: defer
2022-12-17 21:56:51,704 INFO    HandlerThread:18280 [handler.py:handle_request_defer():162] handle defer: 3
2022-12-17 21:56:51,704 DEBUG   SenderThread:18280 [sender.py:send_request():317] send_request: defer
2022-12-17 21:56:51,705 INFO    SenderThread:18280 [sender.py:send_request_defer():459] handle sender defer: 3
2022-12-17 21:56:51,705 INFO    SenderThread:18280 [sender.py:transition_state():463] send defer: 4
2022-12-17 21:56:51,705 DEBUG   HandlerThread:18280 [handler.py:handle_request():139] handle_request: defer
2022-12-17 21:56:51,705 INFO    HandlerThread:18280 [handler.py:handle_request_defer():162] handle defer: 4
2022-12-17 21:56:51,705 DEBUG   SenderThread:18280 [sender.py:send():303] send: summary
2022-12-17 21:56:51,706 INFO    SenderThread:18280 [sender.py:_save_file():1171] saving file wandb-summary.json with policy end
2022-12-17 21:56:51,706 DEBUG   SenderThread:18280 [sender.py:send_request():317] send_request: defer
2022-12-17 21:56:51,706 INFO    SenderThread:18280 [sender.py:send_request_defer():459] handle sender defer: 4
2022-12-17 21:56:51,707 INFO    SenderThread:18280 [sender.py:transition_state():463] send defer: 5
2022-12-17 21:56:51,707 DEBUG   HandlerThread:18280 [handler.py:handle_request():139] handle_request: defer
2022-12-17 21:56:51,707 INFO    HandlerThread:18280 [handler.py:handle_request_defer():162] handle defer: 5
2022-12-17 21:56:51,707 DEBUG   SenderThread:18280 [sender.py:send_request():317] send_request: defer
2022-12-17 21:56:51,707 INFO    SenderThread:18280 [sender.py:send_request_defer():459] handle sender defer: 5
2022-12-17 21:56:51,707 INFO    SenderThread:18280 [sender.py:transition_state():463] send defer: 6
2022-12-17 21:56:51,708 DEBUG   HandlerThread:18280 [handler.py:handle_request():139] handle_request: defer
2022-12-17 21:56:51,708 INFO    HandlerThread:18280 [handler.py:handle_request_defer():162] handle defer: 6
2022-12-17 21:56:51,708 DEBUG   SenderThread:18280 [sender.py:send_request():317] send_request: defer
2022-12-17 21:56:51,708 INFO    SenderThread:18280 [sender.py:send_request_defer():459] handle sender defer: 6
2022-12-17 21:56:52,127 DEBUG   HandlerThread:18280 [handler.py:handle_request():139] handle_request: keepalive
2022-12-17 21:56:52,666 INFO    Thread-13 :18280 [dir_watcher.py:_on_file_modified():292] file/dir modified: /Users/christoszacharopoulos/projects/ny_short_rental_prediction/src/eda/wandb/run-20221217_215226-kfp0a453/files/config.yaml
2022-12-17 21:56:52,667 INFO    Thread-13 :18280 [dir_watcher.py:_on_file_modified():292] file/dir modified: /Users/christoszacharopoulos/projects/ny_short_rental_prediction/src/eda/wandb/run-20221217_215226-kfp0a453/files/wandb-summary.json
2022-12-17 21:56:53,960 INFO    SenderThread:18280 [sender.py:transition_state():463] send defer: 7
2022-12-17 21:56:53,962 DEBUG   HandlerThread:18280 [handler.py:handle_request():139] handle_request: defer
2022-12-17 21:56:53,962 INFO    HandlerThread:18280 [handler.py:handle_request_defer():162] handle defer: 7
2022-12-17 21:56:53,962 DEBUG   SenderThread:18280 [sender.py:send_request():317] send_request: defer
2022-12-17 21:56:53,962 INFO    SenderThread:18280 [sender.py:send_request_defer():459] handle sender defer: 7
2022-12-17 21:56:53,962 INFO    SenderThread:18280 [dir_watcher.py:finish():362] shutting down directory watcher
2022-12-17 21:56:54,679 INFO    SenderThread:18280 [dir_watcher.py:_on_file_modified():292] file/dir modified: /Users/christoszacharopoulos/projects/ny_short_rental_prediction/src/eda/wandb/run-20221217_215226-kfp0a453/files/output.log
2022-12-17 21:56:54,680 INFO    SenderThread:18280 [dir_watcher.py:finish():392] scan: /Users/christoszacharopoulos/projects/ny_short_rental_prediction/src/eda/wandb/run-20221217_215226-kfp0a453/files
2022-12-17 21:56:54,681 INFO    SenderThread:18280 [dir_watcher.py:finish():406] scan save: /Users/christoszacharopoulos/projects/ny_short_rental_prediction/src/eda/wandb/run-20221217_215226-kfp0a453/files/diff.patch diff.patch
2022-12-17 21:56:54,681 INFO    SenderThread:18280 [dir_watcher.py:finish():406] scan save: /Users/christoszacharopoulos/projects/ny_short_rental_prediction/src/eda/wandb/run-20221217_215226-kfp0a453/files/requirements.txt requirements.txt
2022-12-17 21:56:54,681 INFO    SenderThread:18280 [dir_watcher.py:finish():406] scan save: /Users/christoszacharopoulos/projects/ny_short_rental_prediction/src/eda/wandb/run-20221217_215226-kfp0a453/files/output.log output.log
2022-12-17 21:56:54,683 INFO    SenderThread:18280 [dir_watcher.py:finish():406] scan save: /Users/christoszacharopoulos/projects/ny_short_rental_prediction/src/eda/wandb/run-20221217_215226-kfp0a453/files/config.yaml config.yaml
2022-12-17 21:56:54,695 INFO    SenderThread:18280 [dir_watcher.py:finish():406] scan save: /Users/christoszacharopoulos/projects/ny_short_rental_prediction/src/eda/wandb/run-20221217_215226-kfp0a453/files/wandb-summary.json wandb-summary.json
2022-12-17 21:56:54,701 INFO    SenderThread:18280 [dir_watcher.py:finish():406] scan save: /Users/christoszacharopoulos/projects/ny_short_rental_prediction/src/eda/wandb/run-20221217_215226-kfp0a453/files/conda-environment.yaml conda-environment.yaml
2022-12-17 21:56:54,707 INFO    SenderThread:18280 [dir_watcher.py:finish():406] scan save: /Users/christoszacharopoulos/projects/ny_short_rental_prediction/src/eda/wandb/run-20221217_215226-kfp0a453/files/wandb-metadata.json wandb-metadata.json
2022-12-17 21:56:54,712 INFO    SenderThread:18280 [dir_watcher.py:finish():406] scan save: /Users/christoszacharopoulos/projects/ny_short_rental_prediction/src/eda/wandb/run-20221217_215226-kfp0a453/files/code/_session_history.ipynb code/_session_history.ipynb
2022-12-17 21:56:54,713 INFO    SenderThread:18280 [sender.py:transition_state():463] send defer: 8
2022-12-17 21:56:54,713 DEBUG   HandlerThread:18280 [handler.py:handle_request():139] handle_request: defer
2022-12-17 21:56:54,714 INFO    HandlerThread:18280 [handler.py:handle_request_defer():162] handle defer: 8
2022-12-17 21:56:54,717 DEBUG   SenderThread:18280 [sender.py:send_request():317] send_request: defer
2022-12-17 21:56:54,717 INFO    SenderThread:18280 [sender.py:send_request_defer():459] handle sender defer: 8
2022-12-17 21:56:54,717 INFO    SenderThread:18280 [file_pusher.py:finish():168] shutting down file pusher
2022-12-17 21:56:55,938 INFO    Thread-23 :18280 [upload_job.py:push():143] Uploaded file /Users/christoszacharopoulos/projects/ny_short_rental_prediction/src/eda/wandb/run-20221217_215226-kfp0a453/files/requirements.txt
2022-12-17 21:56:55,948 INFO    Thread-24 :18280 [upload_job.py:push():143] Uploaded file /Users/christoszacharopoulos/projects/ny_short_rental_prediction/src/eda/wandb/run-20221217_215226-kfp0a453/files/output.log
2022-12-17 21:56:55,983 INFO    Thread-27 :18280 [upload_job.py:push():143] Uploaded file /Users/christoszacharopoulos/projects/ny_short_rental_prediction/src/eda/wandb/run-20221217_215226-kfp0a453/files/conda-environment.yaml
2022-12-17 21:56:56,076 INFO    Thread-25 :18280 [upload_job.py:push():143] Uploaded file /Users/christoszacharopoulos/projects/ny_short_rental_prediction/src/eda/wandb/run-20221217_215226-kfp0a453/files/config.yaml
2022-12-17 21:56:56,109 INFO    Thread-26 :18280 [upload_job.py:push():143] Uploaded file /Users/christoszacharopoulos/projects/ny_short_rental_prediction/src/eda/wandb/run-20221217_215226-kfp0a453/files/wandb-summary.json
2022-12-17 21:56:57,142 DEBUG   HandlerThread:18280 [handler.py:handle_request():139] handle_request: keepalive
2022-12-17 21:57:02,163 DEBUG   HandlerThread:18280 [handler.py:handle_request():139] handle_request: keepalive
2022-12-17 21:57:07,188 DEBUG   HandlerThread:18280 [handler.py:handle_request():139] handle_request: keepalive
2022-12-17 21:57:12,199 DEBUG   HandlerThread:18280 [handler.py:handle_request():139] handle_request: keepalive
2022-12-17 21:57:15,430 INFO    Thread-28 :18280 [upload_job.py:push():143] Uploaded file /Users/christoszacharopoulos/projects/ny_short_rental_prediction/src/eda/wandb/run-20221217_215226-kfp0a453/files/code/_session_history.ipynb
2022-12-17 21:57:15,631 INFO    Thread-12 (_thread_body):18280 [sender.py:transition_state():463] send defer: 9
2022-12-17 21:57:15,633 DEBUG   HandlerThread:18280 [handler.py:handle_request():139] handle_request: defer
2022-12-17 21:57:15,633 INFO    HandlerThread:18280 [handler.py:handle_request_defer():162] handle defer: 9
2022-12-17 21:57:15,634 DEBUG   SenderThread:18280 [sender.py:send_request():317] send_request: defer
2022-12-17 21:57:15,634 INFO    SenderThread:18280 [sender.py:send_request_defer():459] handle sender defer: 9
2022-12-17 21:57:15,634 INFO    SenderThread:18280 [file_pusher.py:join():173] waiting for file pusher
2022-12-17 21:57:15,634 INFO    SenderThread:18280 [sender.py:transition_state():463] send defer: 10
2022-12-17 21:57:15,635 DEBUG   HandlerThread:18280 [handler.py:handle_request():139] handle_request: defer
2022-12-17 21:57:15,635 INFO    HandlerThread:18280 [handler.py:handle_request_defer():162] handle defer: 10
2022-12-17 21:57:15,635 DEBUG   SenderThread:18280 [sender.py:send_request():317] send_request: defer
2022-12-17 21:57:15,635 INFO    SenderThread:18280 [sender.py:send_request_defer():459] handle sender defer: 10
2022-12-17 21:57:17,219 DEBUG   HandlerThread:18280 [handler.py:handle_request():139] handle_request: keepalive
2022-12-17 21:57:22,239 DEBUG   HandlerThread:18280 [handler.py:handle_request():139] handle_request: keepalive
2022-12-17 21:57:27,252 DEBUG   HandlerThread:18280 [handler.py:handle_request():139] handle_request: keepalive
2022-12-17 21:57:27,388 INFO    SenderThread:18280 [sender.py:transition_state():463] send defer: 11
2022-12-17 21:57:27,389 DEBUG   HandlerThread:18280 [handler.py:handle_request():139] handle_request: defer
2022-12-17 21:57:27,389 INFO    HandlerThread:18280 [handler.py:handle_request_defer():162] handle defer: 11
2022-12-17 21:57:27,390 DEBUG   SenderThread:18280 [sender.py:send_request():317] send_request: defer
2022-12-17 21:57:27,390 INFO    SenderThread:18280 [sender.py:send_request_defer():459] handle sender defer: 11
2022-12-17 21:57:27,390 INFO    SenderThread:18280 [sender.py:transition_state():463] send defer: 12
2022-12-17 21:57:27,391 DEBUG   SenderThread:18280 [sender.py:send():303] send: final
2022-12-17 21:57:27,391 DEBUG   SenderThread:18280 [sender.py:send():303] send: footer
2022-12-17 21:57:27,392 DEBUG   HandlerThread:18280 [handler.py:handle_request():139] handle_request: defer
2022-12-17 21:57:27,392 INFO    HandlerThread:18280 [handler.py:handle_request_defer():162] handle defer: 12
2022-12-17 21:57:27,392 DEBUG   SenderThread:18280 [sender.py:send_request():317] send_request: defer
2022-12-17 21:57:27,392 INFO    SenderThread:18280 [sender.py:send_request_defer():459] handle sender defer: 12
2022-12-17 21:57:27,395 DEBUG   HandlerThread:18280 [handler.py:handle_request():139] handle_request: poll_exit
2022-12-17 21:57:27,396 DEBUG   HandlerThread:18280 [handler.py:handle_request():139] handle_request: server_info
2022-12-17 21:57:27,396 DEBUG   SenderThread:18280 [sender.py:send_request():317] send_request: poll_exit
2022-12-17 21:57:27,396 DEBUG   HandlerThread:18280 [handler.py:handle_request():139] handle_request: get_summary
2022-12-17 21:57:27,396 DEBUG   SenderThread:18280 [sender.py:send_request():317] send_request: server_info
2022-12-17 21:57:27,397 DEBUG   HandlerThread:18280 [handler.py:handle_request():139] handle_request: sampled_history
2022-12-17 21:57:32,423 DEBUG   HandlerThread:18280 [handler.py:handle_request():139] handle_request: keepalive
2022-12-17 21:57:37,442 DEBUG   HandlerThread:18280 [handler.py:handle_request():139] handle_request: keepalive
2022-12-17 21:57:42,457 DEBUG   HandlerThread:18280 [handler.py:handle_request():139] handle_request: keepalive
2022-12-17 21:57:47,470 DEBUG   HandlerThread:18280 [handler.py:handle_request():139] handle_request: keepalive
2022-12-17 21:57:51,765 DEBUG   HandlerThread:18280 [handler.py:handle_request():139] handle_request: shutdown
2022-12-17 21:57:51,765 INFO    HandlerThread:18280 [handler.py:finish():814] shutting down handler
2022-12-17 21:57:52,488 INFO    WriterThread:18280 [datastore.py:close():279] close: /Users/christoszacharopoulos/projects/ny_short_rental_prediction/src/eda/wandb/run-20221217_215226-kfp0a453/run-kfp0a453.wandb
2022-12-17 21:57:52,767 INFO    SenderThread:18280 [sender.py:finish():1331] shutting down sender
2022-12-17 21:57:52,767 INFO    SenderThread:18280 [file_pusher.py:finish():168] shutting down file pusher
2022-12-17 21:57:52,768 INFO    SenderThread:18280 [file_pusher.py:join():173] waiting for file pusher
